<?xml version="1.0" encoding="utf-8" standalone="no"?>
<test-results xmlns:xsi="http://www.w3.org/2001/XMLSchema-instance" xsi:noNamespaceSchemaLocation="nunit_schema_2.5.xsd" name="Pester" total="1" errors="0" failures="0" not-run="0" inconclusive="0" ignored="0" skipped="0" invalid="0" date="2016-08-15" time="07:50:11">
  <environment user="Adam" machine-name="DRISCOLL-DESK" cwd="C:\Program Files (x86)\Microsoft Visual Studio 14.0\Common7\IDE" user-domain="DRISCOLL-DESK" platform="Microsoft Windows 10 Enterprise|C:\WINDOWS|\Device\Harddisk1\Partition1" nunit-version="2.5.8.0" os-version="10.0.10586" clr-version="4.0.30319.42000" />
  <culture-info current-culture="en-US" current-uiculture="en-US" />
  <test-suite type="Powershell" name="Pester" executed="True" result="Success" success="True" time="0.1775" asserts="0">
    <results>
      <test-suite type="TestFixture" name="AstTests" executed="True" result="Success" success="True" time="0.1775" asserts="0" description="AstTests">
        <results>
          <test-case description="should remove extent" name="AstTests.should remove extent" time="0.1775" asserts="0" success="True" result="Success" executed="True" />
        </results>
      </test-suite>
    </results>
  </test-suite>
</test-results>